<?xml version="1.0" encoding="UTF-8"?>
<robot generator="Robot 3.1.1 (Python 3.7.2 on win32)" generated="20190316 20:36:32.619" rpa="false">
<suite id="s1" name="TestSuite1" source="C:\Users\D.Jacobo\eclipse-workspace\RobotProject1\test\TestSuite1.robot">
<kw name="Log" library="BuiltIn" type="setup">
<doc>Logs the given message with the given level.</doc>
<arguments>
<arg>I am inside Test Suite Setup</arg>
</arguments>
<msg timestamp="20190316 20:36:32.771" level="INFO">I am inside Test Suite Setup</msg>
<status status="PASS" starttime="20190316 20:36:32.771" endtime="20190316 20:36:32.771"></status>
</kw>
<test id="s1-t1" name="MyFirstTest">
<kw name="Log" library="BuiltIn" type="setup">
<doc>Logs the given message with the given level.</doc>
<arguments>
<arg>I am inside Test Setup</arg>
</arguments>
<msg timestamp="20190316 20:36:32.772" level="INFO">I am inside Test Setup</msg>
<status status="PASS" starttime="20190316 20:36:32.772" endtime="20190316 20:36:32.772"></status>
</kw>
<kw name="Log" library="BuiltIn">
<doc>Logs the given message with the given level.</doc>
<arguments>
<arg>Hello World...</arg>
</arguments>
<msg timestamp="20190316 20:36:32.772" level="INFO">Hello World...</msg>
<status status="PASS" starttime="20190316 20:36:32.772" endtime="20190316 20:36:32.772"></status>
</kw>
<kw name="Log" library="BuiltIn" type="teardown">
<doc>Logs the given message with the given level.</doc>
<arguments>
<arg>I am inside Test Teardown</arg>
</arguments>
<msg timestamp="20190316 20:36:32.773" level="INFO">I am inside Test Teardown</msg>
<status status="PASS" starttime="20190316 20:36:32.773" endtime="20190316 20:36:32.773"></status>
</kw>
<tags>
<tag>Smoke</tag>
</tags>
<status status="PASS" starttime="20190316 20:36:32.771" endtime="20190316 20:36:32.774" critical="yes"></status>
</test>
<kw name="Log" library="BuiltIn" type="teardown">
<doc>Logs the given message with the given level.</doc>
<arguments>
<arg>I am inside Test Suite Teardown</arg>
</arguments>
<msg timestamp="20190316 20:36:32.776" level="INFO">I am inside Test Suite Teardown</msg>
<status status="PASS" starttime="20190316 20:36:32.775" endtime="20190316 20:36:32.776"></status>
</kw>
<status status="PASS" starttime="20190316 20:36:32.620" endtime="20190316 20:36:32.776"></status>
</suite>
<statistics>
<total>
<stat pass="1" fail="0">Critical Tests</stat>
<stat pass="1" fail="0">All Tests</stat>
</total>
<tag>
<stat pass="1" fail="0">Smoke</stat>
</tag>
<suite>
<stat pass="1" fail="0" id="s1" name="TestSuite1">TestSuite1</stat>
</suite>
</statistics>
<errors>
</errors>
</robot>
